This is pdfTeX, Version 3.141592653-2.6-1.40.24 (TeX Live 2022) (preloaded format=pdflatex 2023.3.18)  9 MAY 2023 18:27
entering extended mode
 restricted \write18 enabled.
 file:line:error style messages enabled.
 %&-line parsing enabled.
**"c:/Users/gbast/OneDrive/Escritorio/Física/tecnicas experimentales/Memorias/Muelle/muelle.tex"
(c:/Users/gbast/OneDrive/Escritorio/Física/tecnicas experimentales/Memorias/Muelle/muelle.tex
LaTeX2e <2022-11-01> patch level 1
L3 programming layer <2023-02-22> (c:/texlive/2022/texmf-dist/tex/latex/base/article.cls
Document Class: article 2022/07/02 v1.4n Standard LaTeX document class
(c:/texlive/2022/texmf-dist/tex/latex/base/size12.clo
File: size12.clo 2022/07/02 v1.4n Standard LaTeX file (size option)
)
\c@part=\count185
\c@section=\count186
\c@subsection=\count187
\c@subsubsection=\count188
\c@paragraph=\count189
\c@subparagraph=\count190
\c@figure=\count191
\c@table=\count192
\abovecaptionskip=\skip48
\belowcaptionskip=\skip49
\bibindent=\dimen140
) (c:/texlive/2022/texmf-dist/tex/latex/base/inputenc.sty
Package: inputenc 2021/02/14 v1.3d Input encoding file
\inpenc@prehook=\toks16
\inpenc@posthook=\toks17
) (c:/texlive/2022/texmf-dist/tex/latex/graphics/graphicx.sty
Package: graphicx 2021/09/16 v1.2d Enhanced LaTeX Graphics (DPC,SPQR)
 (c:/texlive/2022/texmf-dist/tex/latex/graphics/keyval.sty
Package: keyval 2022/05/29 v1.15 key=value parser (DPC)
\KV@toks@=\toks18
) (c:/texlive/2022/texmf-dist/tex/latex/graphics/graphics.sty
Package: graphics 2022/03/10 v1.4e Standard LaTeX Graphics (DPC,SPQR)
 (c:/texlive/2022/texmf-dist/tex/latex/graphics/trig.sty
Package: trig 2021/08/11 v1.11 sin cos tan (DPC)
) (c:/texlive/2022/texmf-dist/tex/latex/graphics-cfg/graphics.cfg
File: graphics.cfg 2016/06/04 v1.11 sample graphics configuration
)
Package graphics Info: Driver file: pdftex.def on input line 107.
 (c:/texlive/2022/texmf-dist/tex/latex/graphics-def/pdftex.def
File: pdftex.def 2022/09/22 v1.2b Graphics/color driver for pdftex
))
\Gin@req@height=\dimen141
\Gin@req@width=\dimen142
) (c:/texlive/2022/texmf-dist/tex/generic/babel/babel.sty
Package: babel 2023/02/13 3.86 The Babel package
\babel@savecnt=\count193
\U@D=\dimen143
\l@unhyphenated=\language87
 (c:/texlive/2022/texmf-dist/tex/generic/babel/txtbabel.def)
\bbl@readstream=\read2
\bbl@dirlevel=\count194
 (c:/texlive/2022/texmf-dist/tex/generic/babel-spanish/spanish.ldf
Language: spanish.ldf 2021/05/27 v5.0q Spanish support from the babel system
\es@quottoks=\toks19
\es@quotdepth=\count195
Package babel Info: Making " an active character on input line 570.
Package babel Info: Making . an active character on input line 675.
Package babel Info: Making < an active character on input line 722.
Package babel Info: Making > an active character on input line 722.
)) (c:/texlive/2022/texmf-dist/tex/generic/babel/locale/es/babel-spanish.tex
Package babel Info: Importing font and identification data for spanish
(babel)             from babel-es.ini. Reported on input line 11.
) (c:/texlive/2022/texmf-dist/tex/latex/hyphenat/hyphenat.sty
Package: hyphenat 2009/09/02 v2.3c hyphenation utilities
\langwohyphens=\language88
LaTeX Info: Redefining \_ on input line 43.
) (c:/texlive/2022/texmf-dist/tex/latex/caption/caption.sty
Package: caption 2022/03/01 v3.6b Customizing captions (AR)
 (c:/texlive/2022/texmf-dist/tex/latex/caption/caption3.sty
Package: caption3 2022/03/17 v2.3b caption3 kernel (AR)
\caption@tempdima=\dimen144
\captionmargin=\dimen145
\caption@leftmargin=\dimen146
\caption@rightmargin=\dimen147
\caption@width=\dimen148
\caption@indent=\dimen149
\caption@parindent=\dimen150
\caption@hangindent=\dimen151
Package caption Info: Standard document class detected.
)
\c@caption@flags=\count196
\c@continuedfloat=\count197
) (c:/texlive/2022/texmf-dist/tex/latex/caption/subcaption.sty
Package: subcaption 2022/01/07 v1.5 Sub-captions (AR)
\c@subfigure=\count198
\c@subtable=\count199
) (c:/texlive/2022/texmf-dist/tex/latex/amsfonts/amssymb.sty
Package: amssymb 2013/01/14 v3.01 AMS font symbols
 (c:/texlive/2022/texmf-dist/tex/latex/amsfonts/amsfonts.sty
Package: amsfonts 2013/01/14 v3.01 Basic AMSFonts support
\@emptytoks=\toks20
\symAMSa=\mathgroup4
\symAMSb=\mathgroup5
LaTeX Font Info:    Redeclaring math symbol \hbar on input line 98.
LaTeX Font Info:    Overwriting math alphabet `\mathfrak' in version `bold'
(Font)                  U/euf/m/n --> U/euf/b/n on input line 106.
)) (c:/texlive/2022/texmf-dist/tex/latex/amsmath/amsmath.sty
Package: amsmath 2022/04/08 v2.17n AMS math features
\@mathmargin=\skip50

For additional information on amsmath, use the `?' option.
(c:/texlive/2022/texmf-dist/tex/latex/amsmath/amstext.sty
Package: amstext 2021/08/26 v2.01 AMS text
 (c:/texlive/2022/texmf-dist/tex/latex/amsmath/amsgen.sty
File: amsgen.sty 1999/11/30 v2.0 generic functions
\@emptytoks=\toks21
\ex@=\dimen152
)) (c:/texlive/2022/texmf-dist/tex/latex/amsmath/amsbsy.sty
Package: amsbsy 1999/11/29 v1.2d Bold Symbols
\pmbraise@=\dimen153
) (c:/texlive/2022/texmf-dist/tex/latex/amsmath/amsopn.sty
Package: amsopn 2022/04/08 v2.04 operator names
)
\inf@bad=\count266
LaTeX Info: Redefining \frac on input line 234.
\uproot@=\count267
\leftroot@=\count268
LaTeX Info: Redefining \overline on input line 399.
LaTeX Info: Redefining \colon on input line 410.
\classnum@=\count269
\DOTSCASE@=\count270
LaTeX Info: Redefining \ldots on input line 496.
LaTeX Info: Redefining \dots on input line 499.
LaTeX Info: Redefining \cdots on input line 620.
\Mathstrutbox@=\box51
\strutbox@=\box52
LaTeX Info: Redefining \big on input line 722.
LaTeX Info: Redefining \Big on input line 723.
LaTeX Info: Redefining \bigg on input line 724.
LaTeX Info: Redefining \Bigg on input line 725.
\big@size=\dimen154
LaTeX Font Info:    Redeclaring font encoding OML on input line 743.
LaTeX Font Info:    Redeclaring font encoding OMS on input line 744.
\macc@depth=\count271
LaTeX Info: Redefining \bmod on input line 905.
LaTeX Info: Redefining \pmod on input line 910.
LaTeX Info: Redefining \smash on input line 940.
LaTeX Info: Redefining \relbar on input line 970.
LaTeX Info: Redefining \Relbar on input line 971.
\c@MaxMatrixCols=\count272
\dotsspace@=\muskip16
\c@parentequation=\count273
\dspbrk@lvl=\count274
\tag@help=\toks22
\row@=\count275
\column@=\count276
\maxfields@=\count277
\andhelp@=\toks23
\eqnshift@=\dimen155
\alignsep@=\dimen156
\tagshift@=\dimen157
\tagwidth@=\dimen158
\totwidth@=\dimen159
\lineht@=\dimen160
\@envbody=\toks24
\multlinegap=\skip51
\multlinetaggap=\skip52
\mathdisplay@stack=\toks25
LaTeX Info: Redefining \[ on input line 2953.
LaTeX Info: Redefining \] on input line 2954.
) (c:/texlive/2022/texmf-dist/tex/latex/gensymb/gensymb.sty
Package: gensymb 2022/10/17 v1.0.2 (KJH)
) (c:/texlive/2022/texmf-dist/tex/latex/fancyhdr/fancyhdr.sty
Package: fancyhdr 2022/11/09 v4.1 Extensive control of page headers and footers
\f@nch@headwidth=\skip53
\f@nch@O@elh=\skip54
\f@nch@O@erh=\skip55
\f@nch@O@olh=\skip56
\f@nch@O@orh=\skip57
\f@nch@O@elf=\skip58
\f@nch@O@erf=\skip59
\f@nch@O@olf=\skip60
\f@nch@O@orf=\skip61
) (c:/texlive/2022/texmf-dist/tex/latex/wrapfig/wrapfig.sty
\wrapoverhang=\dimen161
\WF@size=\dimen162
\c@WF@wrappedlines=\count278
\WF@box=\box53
\WF@everypar=\toks26
Package: wrapfig 2003/01/31  v 3.6
) (c:/texlive/2022/texmf-dist/tex/latex/l3backend/l3backend-pdftex.def
File: l3backend-pdftex.def 2023-01-16 L3 backend support: PDF output (pdfTeX)
\l__color_backend_stack_int=\count279
\l__pdf_internal_box=\box54
) (build/muelle.aux
LaTeX Info: Redefining \. on input line 8.
LaTeX Info: Redefining \% on input line 8.
)
\openout1 = `muelle.aux'.

LaTeX Font Info:    Checking defaults for OML/cmm/m/it on input line 22.
LaTeX Font Info:    ... okay on input line 22.
LaTeX Font Info:    Checking defaults for OMS/cmsy/m/n on input line 22.
LaTeX Font Info:    ... okay on input line 22.
LaTeX Font Info:    Checking defaults for OT1/cmr/m/n on input line 22.
LaTeX Font Info:    ... okay on input line 22.
LaTeX Font Info:    Checking defaults for T1/cmr/m/n on input line 22.
LaTeX Font Info:    ... okay on input line 22.
LaTeX Font Info:    Checking defaults for TS1/cmr/m/n on input line 22.
LaTeX Font Info:    ... okay on input line 22.
LaTeX Font Info:    Checking defaults for OMX/cmex/m/n on input line 22.
LaTeX Font Info:    ... okay on input line 22.
LaTeX Font Info:    Checking defaults for U/cmr/m/n on input line 22.
LaTeX Font Info:    ... okay on input line 22.
 (c:/texlive/2022/texmf-dist/tex/context/base/mkii/supp-pdf.mkii
[Loading MPS to PDF converter (version 2006.09.02).]
\scratchcounter=\count280
\scratchdimen=\dimen163
\scratchbox=\box55
\nofMPsegments=\count281
\nofMParguments=\count282
\everyMPshowfont=\toks27
\MPscratchCnt=\count283
\MPscratchDim=\dimen164
\MPnumerator=\count284
\makeMPintoPDFobject=\count285
\everyMPtoPDFconversion=\toks28
) (c:/texlive/2022/texmf-dist/tex/latex/epstopdf-pkg/epstopdf-base.sty
Package: epstopdf-base 2020-01-24 v2.11 Base part for package epstopdf
Package epstopdf-base Info: Redefining graphics rule for `.eps' on input line 485.
 (c:/texlive/2022/texmf-dist/tex/latex/latexconfig/epstopdf-sys.cfg
File: epstopdf-sys.cfg 2010/07/13 v1.3 Configuration of (r)epstopdf for TeX Live
))
LaTeX Info: Redefining \. on input line 22.
LaTeX Info: Redefining \% on input line 22.
Package caption Info: Begin \AtBeginDocument code.
Package caption Info: wrapfig package is loaded.
Package caption Info: End \AtBeginDocument code.
LaTeX Info: Redefining \celsius on input line 22.
Package gensymb Info: Faking symbols for \degree and \celsius on input line 22.


Package gensymb Warning: Not defining \perthousand.

LaTeX Info: Redefining \ohm on input line 22.
Package gensymb Info: Using \Omega for \ohm on input line 22.

Package gensymb Warning: Not defining \micro.

LaTeX Font Info:    Trying to load font information for U+msa on input line 24.
(c:/texlive/2022/texmf-dist/tex/latex/amsfonts/umsa.fd
File: umsa.fd 2013/01/14 v3.01 AMS symbols A
)
LaTeX Font Info:    Trying to load font information for U+msb on input line 24.
 (c:/texlive/2022/texmf-dist/tex/latex/amsfonts/umsb.fd
File: umsb.fd 2013/01/14 v3.01 AMS symbols B
) [1

{c:/texlive/2022/texmf-var/fonts/map/pdftex/updmap/pdftex.map}] (build/muelle.toc
LaTeX Info: Redefining \. on input line 1.
LaTeX Info: Redefining \% on input line 1.
)
\tf@toc=\write3
\openout3 = `muelle.toc'.



Package fancyhdr Warning: \headheight is too small (12.0pt): 
(fancyhdr)                Make it at least 14.49998pt, for example:
(fancyhdr)                \setlength{\headheight}{14.49998pt}.
(fancyhdr)                You might also make \topmargin smaller to compensate:
(fancyhdr)                \addtolength{\topmargin}{-2.49998pt}.

[1]
<Images/fuerzas hooke.png, id=12, 186.6975pt x 272.01625pt>
File: Images/fuerzas hooke.png Graphic file (type png)
<use Images/fuerzas hooke.png>
Package pdftex.def Info: Images/fuerzas hooke.png  used on input line 43.
(pdftex.def)             Requested size: 102.37679pt x 149.16112pt.

Underfull \hbox (badness 1796) in paragraph at lines 48--49
[][]\OT1/cmr/m/n/12 Cuando el sis-te-ma al-can-za el equi-li-brio
 []


Package fancyhdr Warning: \headheight is too small (12.0pt): 
(fancyhdr)                Make it at least 14.49998pt, for example:
(fancyhdr)                \setlength{\headheight}{14.49998pt}.
(fancyhdr)                You might also make \topmargin smaller to compensate:
(fancyhdr)                \addtolength{\topmargin}{-2.49998pt}.

[2 <./Images/fuerzas hooke.png>]
Overfull \hbox (3.07178pt too wide) in paragraph at lines 78--79
\OT1/cmr/m/n/12 di-fe-ren-tes ma-sas. El ob-je-ti-vo de la pri-me-ra par-te de la pr^^Sacti-ca ser^^Sa de-ter-mi-nar
 []


Package fancyhdr Warning: \headheight is too small (12.0pt): 
(fancyhdr)                Make it at least 14.49998pt, for example:
(fancyhdr)                \setlength{\headheight}{14.49998pt}.
(fancyhdr)                You might also make \topmargin smaller to compensate:
(fancyhdr)                \addtolength{\topmargin}{-2.49998pt}.

[3]
<Images/caidalibre.png, id=29, 69.61124pt x 68.16101pt>
File: Images/caidalibre.png Graphic file (type png)
<use Images/caidalibre.png>
Package pdftex.def Info: Images/caidalibre.png  used on input line 117.
(pdftex.def)             Requested size: 195.0pt x 190.94205pt.


Package fancyhdr Warning: \headheight is too small (12.0pt): 
(fancyhdr)                Make it at least 14.49998pt, for example:
(fancyhdr)                \setlength{\headheight}{14.49998pt}.
(fancyhdr)                You might also make \topmargin smaller to compensate:
(fancyhdr)                \addtolength{\topmargin}{-2.49998pt}.

[4 <./Images/caidalibre.png>]
Overfull \hbox (8.5212pt too wide) in paragraph at lines 132--132
[]\OT1/cmr/bx/n/14.4 Determinaci^^Son de la cons-tan-te el^^Sasti-ca de un mue-lle 
 []


Overfull \hbox (0.22781pt too wide) in paragraph at lines 134--135
\OT1/cmr/m/n/12 el^^Sasti-ca de nues-tro mue-lle me-dian-te los dos m^^Seto-dos an-tes des-cri-tos, el m^^Seto-do
 []


Overfull \hbox (5.15416pt too wide) in paragraph at lines 140--141
[]\OT1/cmr/m/n/12 Regla ver-ti-cal pa-ra me-dir la de-for-ma-ci^^Son, em-plea-da en el m^^Seto-do est^^Sati-co 
 []

<Images/Ley de hooke.jpg, id=35, 1204.5pt x 1204.5pt>
File: Images/Ley de hooke.jpg Graphic file (type jpg)
<use Images/Ley de hooke.jpg>
Package pdftex.def Info: Images/Ley de hooke.jpg  used on input line 146.
(pdftex.def)             Requested size: 148.19725pt x 148.19121pt.

Underfull \hbox (badness 1502) in paragraph at lines 151--153
\OT1/cmr/m/n/12 de la cons-tan-te el^^Sasti-ca por el m^^Seto-do
 []


Overfull \hbox (26.40189pt too wide) in paragraph at lines 151--153
\OT1/cmr/m/n/12 est^^Sati-co, adop-tan-do la con-fi-gu-ra-ci^^Son ex-pe-ri-men-tal
 []


Underfull \hbox (badness 4543) in paragraph at lines 151--153
\OT1/cmr/m/n/12 que se pue-de ver en la Fig.3[]. Pa-ra
 []


Underfull \hbox (badness 1735) in paragraph at lines 151--153
\OT1/cmr/m/n/12 una re-gre-si^^Son li-neal sim-ple sin t^^Sermino
 []


Underfull \hbox (badness 5607) in paragraph at lines 151--153
\OT1/cmr/m/n/12 cua-dra-dos, re-pre-sen-tan-do la fuer-za en
 []


Package fancyhdr Warning: \headheight is too small (12.0pt): 
(fancyhdr)                Make it at least 14.49998pt, for example:
(fancyhdr)                \setlength{\headheight}{14.49998pt}.
(fancyhdr)                You might also make \topmargin smaller to compensate:
(fancyhdr)                \addtolength{\topmargin}{-2.49998pt}.

[5 <./Images/Ley de hooke.jpg>]
Overfull \hbox (27.74652pt too wide) in paragraph at lines 157--158
\OT1/cmr/m/n/12 di-rec-ta du-ran-te la pr^^Sacti-ca. Es-ta in-cer-ti-dum-bre est^^Sa di-rec-ta-men-te re-la-cio-na-da
 []


Overfull \hbox (21.21101pt too wide) in paragraph at lines 162--163
[]\OT1/cmr/m/n/12 La in-cer-ti-dum-bre de la de-for-ma-ci^^Son vie-ne da-da por la pre-ci-si^^Son ins-tru-men-tal
 []


Overfull \hbox (24.07092pt too wide) detected at line 173
[]\OML/cmm/m/it/12 s\OT1/cmr/m/n/12 (^^A\OML/cmm/m/it/12 x\OT1/cmr/m/n/12 ) = [] = [] = 2[] = 2\OML/cmm/m/it/12 ; \OT1/cmr/m/n/12 8 \OML/cmm/m/it/12 mm
 []


Package fancyhdr Warning: \headheight is too small (12.0pt): 
(fancyhdr)                Make it at least 14.49998pt, for example:
(fancyhdr)                \setlength{\headheight}{14.49998pt}.
(fancyhdr)                You might also make \topmargin smaller to compensate:
(fancyhdr)                \addtolength{\topmargin}{-2.49998pt}.

[6]
Overfull \hbox (22.73459pt too wide) in paragraph at lines 200--200
[]\OT1/cmr/bx/n/14.4 Determinaci^^Son de den-si-da-des de di-fe-ren-tes ma-te-ria-les 
 []


Package fancyhdr Warning: \headheight is too small (12.0pt): 
(fancyhdr)                Make it at least 14.49998pt, for example:
(fancyhdr)                \setlength{\headheight}{14.49998pt}.
(fancyhdr)                You might also make \topmargin smaller to compensate:
(fancyhdr)                \addtolength{\topmargin}{-2.49998pt}.

[7]
<Images/hooke+arquimedes.jpg, id=46, 289.83281pt x 289.83281pt>
File: Images/hooke+arquimedes.jpg Graphic file (type jpg)
<use Images/hooke+arquimedes.jpg>
Package pdftex.def Info: Images/hooke+arquimedes.jpg  used on input line 218.
(pdftex.def)             Requested size: 111.15077pt x 111.15034pt.

Underfull \hbox (badness 1132) in paragraph at lines 223--224
\OT1/cmr/m/n/12 cal-cu-lar la den-si-dad del ma-te-rial del que est^^Sa
 []


Underfull \hbox (badness 1092) in paragraph at lines 223--224
\OT1/cmr/m/n/12 en el apar-ta-do an-te-rior, re-fle-ja-da en la Ec.13[].
 []


Overfull \hbox (36.87335pt too wide) in paragraph at lines 226--227
[]\OT1/cmr/m/n/12 Aplicando pro-pa-ga-ci^^Son de in-cer-ti-dum-bres a la Ec.8[] ob-te-ne-mos la in-cer-ti-dum-bre
 []


Overfull \hbox (36.87335pt too wide) in paragraph at lines 231--232
[]\OT1/cmr/m/n/12 Aplicando pro-pa-ga-ci^^Son de in-cer-ti-dum-bres a la Ec.9[] ob-te-ne-mos la in-cer-ti-dum-bre
 []


Overfull \hbox (8.68445pt too wide) detected at line 235
[]\OML/cmm/m/it/12 s\OT1/cmr/m/n/12 (\OML/cmm/m/it/12 ^^Z[]\OT1/cmr/m/n/12 ) = []
 []

<Images/caidalibreaparato.jpg, id=47, 1938.24126pt x 2569.6pt>
File: Images/caidalibreaparato.jpg Graphic file (type jpg)
<use Images/caidalibreaparato.jpg>
Package pdftex.def Info: Images/caidalibreaparato.jpg  used on input line 250.
(pdftex.def)             Requested size: 109.19785pt x 144.75922pt.

Package fancyhdr Warning: \headheight is too small (12.0pt): 
(fancyhdr)                Make it at least 14.49998pt, for example:
(fancyhdr)                \setlength{\headheight}{14.49998pt}.
(fancyhdr)                You might also make \topmargin smaller to compensate:
(fancyhdr)                \addtolength{\topmargin}{-2.49998pt}.

[8 <./Images/hooke+arquimedes.jpg>]
Underfull \hbox (badness 1097) in paragraph at lines 255--256
\OT1/cmr/m/n/12 en que co-men-za-ba la ca^^S^^Pda se ac-ti-va-ba
 []


Underfull \hbox (badness 2626) in paragraph at lines 255--256
\OT1/cmr/m/n/12 10 me-di-das del tiem-po de ca^^S^^Pda pa-ra
 []


Package fancyhdr Warning: \headheight is too small (12.0pt): 
(fancyhdr)                Make it at least 14.49998pt, for example:
(fancyhdr)                \setlength{\headheight}{14.49998pt}.
(fancyhdr)                You might also make \topmargin smaller to compensate:
(fancyhdr)                \addtolength{\topmargin}{-2.49998pt}.

[9 <./Images/caidalibreaparato.jpg>]
Overfull \hbox (5.93617pt too wide) in paragraph at lines 317--318
[]\OT1/cmr/m/n/12 En la si-guien-te gr^^Safi-ca po-de-mos ver res-pre-sen-ta-dos los da-tos ex-pe-ri-men-ta-les
 []


Package fancyhdr Warning: \headheight is too small (12.0pt): 
(fancyhdr)                Make it at least 14.49998pt, for example:
(fancyhdr)                \setlength{\headheight}{14.49998pt}.
(fancyhdr)                You might also make \topmargin smaller to compensate:
(fancyhdr)                \addtolength{\topmargin}{-2.49998pt}.

[10]
<Images/RegEstatico.png, id=57, 462.528pt x 346.896pt>
File: Images/RegEstatico.png Graphic file (type png)
<use Images/RegEstatico.png>
Package pdftex.def Info: Images/RegEstatico.png  used on input line 323.
(pdftex.def)             Requested size: 292.5pt x 219.38724pt.


Package fancyhdr Warning: \headheight is too small (12.0pt): 
(fancyhdr)                Make it at least 14.49998pt, for example:
(fancyhdr)                \setlength{\headheight}{14.49998pt}.
(fancyhdr)                You might also make \topmargin smaller to compensate:
(fancyhdr)                \addtolength{\topmargin}{-2.49998pt}.

[11 <./Images/RegEstatico.png>]
<Images/RegDinamico.png, id=62, 462.528pt x 346.896pt>
File: Images/RegDinamico.png Graphic file (type png)
<use Images/RegDinamico.png>
Package pdftex.def Info: Images/RegDinamico.png  used on input line 383.
(pdftex.def)             Requested size: 292.5pt x 219.38724pt.


LaTeX Warning: `!h' float specifier changed to `!ht'.


Package fancyhdr Warning: \headheight is too small (12.0pt): 
(fancyhdr)                Make it at least 14.49998pt, for example:
(fancyhdr)                \setlength{\headheight}{14.49998pt}.
(fancyhdr)                You might also make \topmargin smaller to compensate:
(fancyhdr)                \addtolength{\topmargin}{-2.49998pt}.

[12]
Overfull \hbox (6.75842pt too wide) in paragraph at lines 401--408
 [][] 
 []


LaTeX Warning: `!h' float specifier changed to `!ht'.


Package fancyhdr Warning: \headheight is too small (12.0pt): 
(fancyhdr)                Make it at least 14.49998pt, for example:
(fancyhdr)                \setlength{\headheight}{14.49998pt}.
(fancyhdr)                You might also make \topmargin smaller to compensate:
(fancyhdr)                \addtolength{\topmargin}{-2.49998pt}.

[13 <./Images/RegDinamico.png>]
Overfull \hbox (5.81125pt too wide) in paragraph at lines 418--419
[]\OT1/cmr/m/n/12 En es-te apar-ta-do tra-ta-mos de de-ter-mi-nar la den-si-dad, \OT1/cmr/m/it/12 a prio-ri \OT1/cmr/m/n/12 des-co-no-ci-da,
 []


Overfull \hbox (6.78091pt too wide) in paragraph at lines 422--429
 [][] 
 []


Package fancyhdr Warning: \headheight is too small (12.0pt): 
(fancyhdr)                Make it at least 14.49998pt, for example:
(fancyhdr)                \setlength{\headheight}{14.49998pt}.
(fancyhdr)                You might also make \topmargin smaller to compensate:
(fancyhdr)                \addtolength{\topmargin}{-2.49998pt}.

[14]
<Images/RegGravedad.png, id=75, 462.528pt x 346.896pt>
File: Images/RegGravedad.png Graphic file (type png)
<use Images/RegGravedad.png>
Package pdftex.def Info: Images/RegGravedad.png  used on input line 474.
(pdftex.def)             Requested size: 292.5pt x 219.38724pt.


LaTeX Warning: `!h' float specifier changed to `!ht'.


Package fancyhdr Warning: \headheight is too small (12.0pt): 
(fancyhdr)                Make it at least 14.49998pt, for example:
(fancyhdr)                \setlength{\headheight}{14.49998pt}.
(fancyhdr)                You might also make \topmargin smaller to compensate:
(fancyhdr)                \addtolength{\topmargin}{-2.49998pt}.

[15]
Overfull \hbox (13.255pt too wide) in paragraph at lines 502--503
\OT1/cmr/m/n/12 rea-li-za-do el ex-pe-ri-men-to. En el m^^Seto-do din^^Sami-co ob-ser-va-mos que las os-ci-la-cio-nes
 []


Overfull \hbox (21.90112pt too wide) in paragraph at lines 502--503
\OT1/cmr/m/n/12 es-ta-ban le-jos de ser per-fec-tas, pre-sen-ta-bam mu-cha irre-gu-la-ri-dad, lo que di-fi-cul-ta-ba
 []


Package fancyhdr Warning: \headheight is too small (12.0pt): 
(fancyhdr)                Make it at least 14.49998pt, for example:
(fancyhdr)                \setlength{\headheight}{14.49998pt}.
(fancyhdr)                You might also make \topmargin smaller to compensate:
(fancyhdr)                \addtolength{\topmargin}{-2.49998pt}.

[16 <./Images/RegGravedad.png>]
Overfull \hbox (8.70967pt too wide) in paragraph at lines 504--505
\OT1/cmr/m/n/12 de tres s^^Soli-dos y un l^^S^^Pqui-do a par-tir de la apli-ca-ci^^Son la ley de Hoo-ke, com-pa-ran-do
 []


Overfull \hbox (3.94444pt too wide) in paragraph at lines 534--535
\OT1/cmr/m/n/12 su pre-ci-si^^Son, pues sal-vo el ca-so ya co-men-ta-do del cuer-po 2 (He-cho de alu-mi-nio),
 []


Package fancyhdr Warning: \headheight is too small (12.0pt): 
(fancyhdr)                Make it at least 14.49998pt, for example:
(fancyhdr)                \setlength{\headheight}{14.49998pt}.
(fancyhdr)                You might also make \topmargin smaller to compensate:
(fancyhdr)                \addtolength{\topmargin}{-2.49998pt}.

[17]
Overfull \hbox (16.90404pt too wide) in paragraph at lines 554--555
[]\OT1/cmr/m/n/12 En con-clu-si^^Son, pe-se a que en cier-tas me-di-das ob-tu-vi-mos un error con-si-de-ra-ble,
 []


Package fancyhdr Warning: \headheight is too small (12.0pt): 
(fancyhdr)                Make it at least 14.49998pt, for example:
(fancyhdr)                \setlength{\headheight}{14.49998pt}.
(fancyhdr)                You might also make \topmargin smaller to compensate:
(fancyhdr)                \addtolength{\topmargin}{-2.49998pt}.

[18]
Overfull \hbox (11.78055pt too wide) in paragraph at lines 560--561
\OT1/cmr/m/n/12 li-neal sim-ple sin t^^Sermino in-de-pen-dien-te por el m^^Seto-do de los m^^S^^Pni-mos cua-dra-dos,
 []


Overfull \hbox (2.57648pt too wide) in paragraph at lines 560--561
\OT1/cmr/m/n/12 an^^Sali-sis re-li-za-do pa-ra de-ter-mi-nar la cons-tan-te el^^Sasti-ca del mue-lle por el m^^Seto-do
 []


Overfull \hbox (25.01411pt too wide) in paragraph at lines 579--594
 [][] 
 []


Package fancyhdr Warning: \headheight is too small (12.0pt): 
(fancyhdr)                Make it at least 14.49998pt, for example:
(fancyhdr)                \setlength{\headheight}{14.49998pt}.
(fancyhdr)                You might also make \topmargin smaller to compensate:
(fancyhdr)                \addtolength{\topmargin}{-2.49998pt}.

[19]
Overfull \hbox (0.16254pt too wide) in paragraph at lines 607--608
\OT1/cmr/m/n/12 muy pr^^Soxi-mo de 1, por lo que po-de-mos afir-mar que exis-te una gran co-rre-la-ci^^Son
 []


Overfull \hbox (10.86058pt too wide) in paragraph at lines 609--610
\OT1/cmr/m/n/12 t^^S^^Ppi-ca y la in-cer-ti-dum-bre de la pen-dien-te de la rec-ta ($\OML/cmm/m/it/12 s\OT1/cmr/m/n/12 (\OML/cmm/m/it/12 b\OT1/cmr/m/n/12 )$). Pa-ra ello ne-ce-si-ta-mos
 []


Package fancyhdr Warning: \headheight is too small (12.0pt): 
(fancyhdr)                Make it at least 14.49998pt, for example:
(fancyhdr)                \setlength{\headheight}{14.49998pt}.
(fancyhdr)                You might also make \topmargin smaller to compensate:
(fancyhdr)                \addtolength{\topmargin}{-2.49998pt}.

[20]
File: Images/RegEstatico.png Graphic file (type png)
<use Images/RegEstatico.png>
Package pdftex.def Info: Images/RegEstatico.png  used on input line 646.
(pdftex.def)             Requested size: 292.5pt x 219.38724pt.


Package fancyhdr Warning: \headheight is too small (12.0pt): 
(fancyhdr)                Make it at least 14.49998pt, for example:
(fancyhdr)                \setlength{\headheight}{14.49998pt}.
(fancyhdr)                You might also make \topmargin smaller to compensate:
(fancyhdr)                \addtolength{\topmargin}{-2.49998pt}.

[21] (build/muelle.aux
LaTeX Info: Redefining \. on input line 8.
LaTeX Info: Redefining \% on input line 8.
) ) 
Here is how much of TeX's memory you used:
 5881 strings out of 476024
 96893 string characters out of 5794016
 1868382 words of memory out of 5000000
 26268 multiletter control sequences out of 15000+600000
 522355 words of font info for 70 fonts, out of 8000000 for 9000
 1141 hyphenation exceptions out of 8191
 57i,13n,63p,941b,365s stack positions out of 10000i,1000n,20000p,200000b,200000s
{c:/texlive/2022/texmf-dist/fonts/enc/dvips/cm-super/cm-super-ts1.enc}<c:/texlive/2022/texmf-dist/fonts/type1/public/amsfonts/cm/cmbx12.pfb><c:/texlive/2022/texmf-dist/fonts/type1/public/amsfonts/cm/cmbx8.pfb><c:/texlive/2022/texmf-dist/fonts/type1/public/amsfonts/cm/cmex10.pfb><c:/texlive/2022/texmf-dist/fonts/type1/public/amsfonts/cm/cmmi12.pfb><c:/texlive/2022/texmf-dist/fonts/type1/public/amsfonts/cm/cmmi6.pfb><c:/texlive/2022/texmf-dist/fonts/type1/public/amsfonts/cm/cmmi8.pfb><c:/texlive/2022/texmf-dist/fonts/type1/public/amsfonts/cm/cmr12.pfb><c:/texlive/2022/texmf-dist/fonts/type1/public/amsfonts/cm/cmr17.pfb><c:/texlive/2022/texmf-dist/fonts/type1/public/amsfonts/cm/cmr6.pfb><c:/texlive/2022/texmf-dist/fonts/type1/public/amsfonts/cm/cmr8.pfb><c:/texlive/2022/texmf-dist/fonts/type1/public/amsfonts/cm/cmsy10.pfb><c:/texlive/2022/texmf-dist/fonts/type1/public/amsfonts/cm/cmsy8.pfb><c:/texlive/2022/texmf-dist/fonts/type1/public/amsfonts/cm/cmti12.pfb><c:/texlive/2022/texmf-dist/fonts/type1/public/cm-super/sfrm1200.pfb>
Output written on build/muelle.pdf (22 pages, 611566 bytes).
PDF statistics:
 160 PDF objects out of 1000 (max. 8388607)
 94 compressed objects within 1 object stream
 0 named destinations out of 1000 (max. 500000)
 41 words of extra memory for PDF output out of 10000 (max. 10000000)

