This is pdfTeX, Version 3.141592653-2.6-1.40.24 (TeX Live 2022) (preloaded format=pdflatex 2023.3.18)  19 MAR 2023 00:36
entering extended mode
 restricted \write18 enabled.
 file:line:error style messages enabled.
 %&-line parsing enabled.
**"c:/Users/gbast/OneDrive/Escritorio/F√≠sica/tecnicas experimentales/Memorias/Instrumentaci√≥n electr√≥nica/Instrumentacion,electronica.tex"
(c:/Users/gbast/OneDrive/Escritorio/F√≠sica/tecnicas experimentales/Memorias/Instrumentaci√≥n electr√≥nica/Instrumentacion,electronica.tex
LaTeX2e <2022-11-01> patch level 1
L3 programming layer <2023-02-22> (c:/texlive/2022/texmf-dist/tex/latex/base/article.cls
Document Class: article 2022/07/02 v1.4n Standard LaTeX document class
(c:/texlive/2022/texmf-dist/tex/latex/base/size12.clo
File: size12.clo 2022/07/02 v1.4n Standard LaTeX file (size option)
)
\c@part=\count185
\c@section=\count186
\c@subsection=\count187
\c@subsubsection=\count188
\c@paragraph=\count189
\c@subparagraph=\count190
\c@figure=\count191
\c@table=\count192
\abovecaptionskip=\skip48
\belowcaptionskip=\skip49
\bibindent=\dimen140
) (c:/texlive/2022/texmf-dist/tex/latex/base/inputenc.sty
Package: inputenc 2021/02/14 v1.3d Input encoding file
\inpenc@prehook=\toks16
\inpenc@posthook=\toks17
) (c:/texlive/2022/texmf-dist/tex/latex/graphics/graphicx.sty
Package: graphicx 2021/09/16 v1.2d Enhanced LaTeX Graphics (DPC,SPQR)
 (c:/texlive/2022/texmf-dist/tex/latex/graphics/keyval.sty
Package: keyval 2022/05/29 v1.15 key=value parser (DPC)
\KV@toks@=\toks18
) (c:/texlive/2022/texmf-dist/tex/latex/graphics/graphics.sty
Package: graphics 2022/03/10 v1.4e Standard LaTeX Graphics (DPC,SPQR)
 (c:/texlive/2022/texmf-dist/tex/latex/graphics/trig.sty
Package: trig 2021/08/11 v1.11 sin cos tan (DPC)
) (c:/texlive/2022/texmf-dist/tex/latex/graphics-cfg/graphics.cfg
File: graphics.cfg 2016/06/04 v1.11 sample graphics configuration
)
Package graphics Info: Driver file: pdftex.def on input line 107.
 (c:/texlive/2022/texmf-dist/tex/latex/graphics-def/pdftex.def
File: pdftex.def 2022/09/22 v1.2b Graphics/color driver for pdftex
))
\Gin@req@height=\dimen141
\Gin@req@width=\dimen142
) (c:/texlive/2022/texmf-dist/tex/generic/babel/babel.sty
Package: babel 2023/02/13 3.86 The Babel package
\babel@savecnt=\count193
\U@D=\dimen143
\l@unhyphenated=\language87
 (c:/texlive/2022/texmf-dist/tex/generic/babel/txtbabel.def)
\bbl@readstream=\read2
\bbl@dirlevel=\count194
 (c:/texlive/2022/texmf-dist/tex/generic/babel-spanish/spanish.ldf
Language: spanish.ldf 2021/05/27 v5.0q Spanish support from the babel system
\es@quottoks=\toks19
\es@quotdepth=\count195
Package babel Info: Making " an active character on input line 570.
Package babel Info: Making . an active character on input line 675.
Package babel Info: Making < an active character on input line 722.
Package babel Info: Making > an active character on input line 722.
)) (c:/texlive/2022/texmf-dist/tex/generic/babel/locale/es/babel-spanish.tex
Package babel Info: Importing font and identification data for spanish
(babel)             from babel-es.ini. Reported on input line 11.
) (c:/texlive/2022/texmf-dist/tex/latex/hyphenat/hyphenat.sty
Package: hyphenat 2009/09/02 v2.3c hyphenation utilities
\langwohyphens=\language88
LaTeX Info: Redefining \_ on input line 43.
) (c:/texlive/2022/texmf-dist/tex/latex/caption/caption.sty
Package: caption 2022/03/01 v3.6b Customizing captions (AR)
 (c:/texlive/2022/texmf-dist/tex/latex/caption/caption3.sty
Package: caption3 2022/03/17 v2.3b caption3 kernel (AR)
\caption@tempdima=\dimen144
\captionmargin=\dimen145
\caption@leftmargin=\dimen146
\caption@rightmargin=\dimen147
\caption@width=\dimen148
\caption@indent=\dimen149
\caption@parindent=\dimen150
\caption@hangindent=\dimen151
Package caption Info: Standard document class detected.
)
\c@caption@flags=\count196
\c@continuedfloat=\count197
) (c:/texlive/2022/texmf-dist/tex/latex/caption/subcaption.sty
Package: subcaption 2022/01/07 v1.5 Sub-captions (AR)
\c@subfigure=\count198
\c@subtable=\count199
) (c:/texlive/2022/texmf-dist/tex/latex/amsfonts/amssymb.sty
Package: amssymb 2013/01/14 v3.01 AMS font symbols
 (c:/texlive/2022/texmf-dist/tex/latex/amsfonts/amsfonts.sty
Package: amsfonts 2013/01/14 v3.01 Basic AMSFonts support
\@emptytoks=\toks20
\symAMSa=\mathgroup4
\symAMSb=\mathgroup5
LaTeX Font Info:    Redeclaring math symbol \hbar on input line 98.
LaTeX Font Info:    Overwriting math alphabet `\mathfrak' in version `bold'
(Font)                  U/euf/m/n --> U/euf/b/n on input line 106.
)) (c:/texlive/2022/texmf-dist/tex/latex/amsmath/amsmath.sty
Package: amsmath 2022/04/08 v2.17n AMS math features
\@mathmargin=\skip50

For additional information on amsmath, use the `?' option.
(c:/texlive/2022/texmf-dist/tex/latex/amsmath/amstext.sty
Package: amstext 2021/08/26 v2.01 AMS text
 (c:/texlive/2022/texmf-dist/tex/latex/amsmath/amsgen.sty
File: amsgen.sty 1999/11/30 v2.0 generic functions
\@emptytoks=\toks21
\ex@=\dimen152
)) (c:/texlive/2022/texmf-dist/tex/latex/amsmath/amsbsy.sty
Package: amsbsy 1999/11/29 v1.2d Bold Symbols
\pmbraise@=\dimen153
) (c:/texlive/2022/texmf-dist/tex/latex/amsmath/amsopn.sty
Package: amsopn 2022/04/08 v2.04 operator names
)
\inf@bad=\count266
LaTeX Info: Redefining \frac on input line 234.
\uproot@=\count267
\leftroot@=\count268
LaTeX Info: Redefining \overline on input line 399.
LaTeX Info: Redefining \colon on input line 410.
\classnum@=\count269
\DOTSCASE@=\count270
LaTeX Info: Redefining \ldots on input line 496.
LaTeX Info: Redefining \dots on input line 499.
LaTeX Info: Redefining \cdots on input line 620.
\Mathstrutbox@=\box51
\strutbox@=\box52
LaTeX Info: Redefining \big on input line 722.
LaTeX Info: Redefining \Big on input line 723.
LaTeX Info: Redefining \bigg on input line 724.
LaTeX Info: Redefining \Bigg on input line 725.
\big@size=\dimen154
LaTeX Font Info:    Redeclaring font encoding OML on input line 743.
LaTeX Font Info:    Redeclaring font encoding OMS on input line 744.
\macc@depth=\count271
LaTeX Info: Redefining \bmod on input line 905.
LaTeX Info: Redefining \pmod on input line 910.
LaTeX Info: Redefining \smash on input line 940.
LaTeX Info: Redefining \relbar on input line 970.
LaTeX Info: Redefining \Relbar on input line 971.
\c@MaxMatrixCols=\count272
\dotsspace@=\muskip16
\c@parentequation=\count273
\dspbrk@lvl=\count274
\tag@help=\toks22
\row@=\count275
\column@=\count276
\maxfields@=\count277
\andhelp@=\toks23
\eqnshift@=\dimen155
\alignsep@=\dimen156
\tagshift@=\dimen157
\tagwidth@=\dimen158
\totwidth@=\dimen159
\lineht@=\dimen160
\@envbody=\toks24
\multlinegap=\skip51
\multlinetaggap=\skip52
\mathdisplay@stack=\toks25
LaTeX Info: Redefining \[ on input line 2953.
LaTeX Info: Redefining \] on input line 2954.
) (c:/texlive/2022/texmf-dist/tex/latex/gensymb/gensymb.sty
Package: gensymb 2022/10/17 v1.0.2 (KJH)
) (c:/texlive/2022/texmf-dist/tex/latex/fancyhdr/fancyhdr.sty
Package: fancyhdr 2022/11/09 v4.1 Extensive control of page headers and footers
\f@nch@headwidth=\skip53
\f@nch@O@elh=\skip54
\f@nch@O@erh=\skip55
\f@nch@O@olh=\skip56
\f@nch@O@orh=\skip57
\f@nch@O@elf=\skip58
\f@nch@O@erf=\skip59
\f@nch@O@olf=\skip60
\f@nch@O@orf=\skip61
) (c:/texlive/2022/texmf-dist/tex/latex/l3backend/l3backend-pdftex.def
File: l3backend-pdftex.def 2023-01-16 L3 backend support: PDF output (pdfTeX)
\l__color_backend_stack_int=\count278
\l__pdf_internal_box=\box53
) (build/Instrumentacion,electronica.aux)
\openout1 = `Instrumentacion,electronica.aux'.

LaTeX Font Info:    Checking defaults for OML/cmm/m/it on input line 23.
LaTeX Font Info:    ... okay on input line 23.
LaTeX Font Info:    Checking defaults for OMS/cmsy/m/n on input line 23.
LaTeX Font Info:    ... okay on input line 23.
LaTeX Font Info:    Checking defaults for OT1/cmr/m/n on input line 23.
LaTeX Font Info:    ... okay on input line 23.
LaTeX Font Info:    Checking defaults for T1/cmr/m/n on input line 23.
LaTeX Font Info:    ... okay on input line 23.
LaTeX Font Info:    Checking defaults for TS1/cmr/m/n on input line 23.
LaTeX Font Info:    ... okay on input line 23.
LaTeX Font Info:    Checking defaults for OMX/cmex/m/n on input line 23.
LaTeX Font Info:    ... okay on input line 23.
LaTeX Font Info:    Checking defaults for U/cmr/m/n on input line 23.
LaTeX Font Info:    ... okay on input line 23.
 (c:/texlive/2022/texmf-dist/tex/context/base/mkii/supp-pdf.mkii
[Loading MPS to PDF converter (version 2006.09.02).]
\scratchcounter=\count279
\scratchdimen=\dimen161
\scratchbox=\box54
\nofMPsegments=\count280
\nofMParguments=\count281
\everyMPshowfont=\toks26
\MPscratchCnt=\count282
\MPscratchDim=\dimen162
\MPnumerator=\count283
\makeMPintoPDFobject=\count284
\everyMPtoPDFconversion=\toks27
) (c:/texlive/2022/texmf-dist/tex/latex/epstopdf-pkg/epstopdf-base.sty
Package: epstopdf-base 2020-01-24 v2.11 Base part for package epstopdf
Package epstopdf-base Info: Redefining graphics rule for `.eps' on input line 485.
 (c:/texlive/2022/texmf-dist/tex/latex/latexconfig/epstopdf-sys.cfg
File: epstopdf-sys.cfg 2010/07/13 v1.3 Configuration of (r)epstopdf for TeX Live
))
LaTeX Info: Redefining \. on input line 23.
LaTeX Info: Redefining \% on input line 23.
Package caption Info: Begin \AtBeginDocument code.
Package caption Info: End \AtBeginDocument code.
LaTeX Info: Redefining \celsius on input line 23.
Package gensymb Info: Faking symbols for \degree and \celsius on input line 23.


Package gensymb Warning: Not defining \perthousand.

LaTeX Info: Redefining \ohm on input line 23.
Package gensymb Info: Using \Omega for \ohm on input line 23.

Package gensymb Warning: Not defining \micro.

LaTeX Font Info:    Trying to load font information for U+msa on input line 25.
(c:/texlive/2022/texmf-dist/tex/latex/amsfonts/umsa.fd
File: umsa.fd 2013/01/14 v3.01 AMS symbols A
)
LaTeX Font Info:    Trying to load font information for U+msb on input line 25.
 (c:/texlive/2022/texmf-dist/tex/latex/amsfonts/umsb.fd
File: umsb.fd 2013/01/14 v3.01 AMS symbols B
) [1

{c:/texlive/2022/texmf-var/fonts/map/pdftex/updmap/pdftex.map}] (./Instrumentacion,electronica.toc
LaTeX Info: Redefining \. on input line 1.
LaTeX Info: Redefining \% on input line 1.
)
\tf@toc=\write3
\openout3 = `Instrumentacion,electronica.toc'.



Package fancyhdr Warning: \headheight is too small (12.0pt): 
(fancyhdr)                Make it at least 14.49998pt, for example:
(fancyhdr)                \setlength{\headheight}{14.49998pt}.
(fancyhdr)                You might also make \topmargin smaller to compensate:
(fancyhdr)                \addtolength{\topmargin}{-2.49998pt}.

[1]
Overfull \hbox (6.68893pt too wide) in paragraph at lines 35--36
[]\OT1/cmr/m/n/12 Comprobaci^^Son de la ley de Ohm y de las le-yes que ri-gen el fun-cio-na-mien-to
 []


Overfull \hbox (69.29099pt too wide) in paragraph at lines 46--47
\OT1/cmr/m/n/12 re-sis-ten-cias, tan-to in-ter-pre-tan-do su c^^Sodi-go de co-lo-res co-mo mi-di^^Sendo-los ex-pe-ri-men-tal-men-te.
 []


LaTeX Warning: File `continua/codigo-colores-resistencias.jpg' not found on input line 50.


c:/Users/gbast/OneDrive/Escritorio/F√≠sica/tecnicas experimentales/Memorias/Instrumentaci√≥n electr√≥nica/Instrumentacion,electronica.tex:50: Package pdftex.def Error: File `continua/codigo-colores-resistencias.jpg' not found: using draft setting.

See the pdftex.def package documentation for explanation.
Type  H <return>  for immediate help.
 ...                                              
                                                  
l.50 ...{continua/codigo-colores-resistencias.jpg}
                                                  
Try typing  <return>  to proceed.
If that doesn't work, type  X <return>  to quit.


LaTeX Warning: `!h' float specifier changed to `!ht'.


Package fancyhdr Warning: \headheight is too small (12.0pt): 
(fancyhdr)                Make it at least 14.49998pt, for example:
(fancyhdr)                \setlength{\headheight}{14.49998pt}.
(fancyhdr)                You might also make \topmargin smaller to compensate:
(fancyhdr)                \addtolength{\topmargin}{-2.49998pt}.

[2]

LaTeX Warning: Reference `MedidaResistencias' on page 3 undefined on input line 55.


LaTeX Warning: File `continua/medidaResistencias.png' not found on input line 59.


c:/Users/gbast/OneDrive/Escritorio/F√≠sica/tecnicas experimentales/Memorias/Instrumentaci√≥n electr√≥nica/Instrumentacion,electronica.tex:59: Package pdftex.def Error: File `continua/medidaResistencias.png' not found: using draft setting.

See the pdftex.def package documentation for explanation.
Type  H <return>  for immediate help.
 ...                                              
                                                  
l.59 ...inewidth]{continua/medidaResistencias.png}
                                                  
Try typing  <return>  to proceed.
If that doesn't work, type  X <return>  to quit.


LaTeX Warning: File `continua/circuitosimple.jpg' not found on input line 68.


c:/Users/gbast/OneDrive/Escritorio/F√≠sica/tecnicas experimentales/Memorias/Instrumentaci√≥n electr√≥nica/Instrumentacion,electronica.tex:68: Package pdftex.def Error: File `continua/circuitosimple.jpg' not found: using draft setting.

See the pdftex.def package documentation for explanation.
Type  H <return>  for immediate help.
 ...                                              
                                                  
l.68 ....5\linewidth]{continua/circuitosimple.jpg}
                                                  
Try typing  <return>  to proceed.
If that doesn't work, type  X <return>  to quit.


Package fancyhdr Warning: \headheight is too small (12.0pt): 
(fancyhdr)                Make it at least 14.49998pt, for example:
(fancyhdr)                \setlength{\headheight}{14.49998pt}.
(fancyhdr)                You might also make \topmargin smaller to compensate:
(fancyhdr)                \addtolength{\topmargin}{-2.49998pt}.

[3]
Overfull \hbox (12.11188pt too wide) in paragraph at lines 73--74
\OT1/cmr/m/n/12 del cir-cui-to que que-re-mos me-dir. No obs-tan-te, pa-ra la me-di-da de las in-ten-si-da-des
 []


Underfull \hbox (badness 10000) in paragraph at lines 73--74

 []


LaTeX Warning: Reference `CircuitoSerie' on page 4 undefined on input line 79.


LaTeX Warning: File `continua/circuitoserie.jpg' not found on input line 91.


c:/Users/gbast/OneDrive/Escritorio/F√≠sica/tecnicas experimentales/Memorias/Instrumentaci√≥n electr√≥nica/Instrumentacion,electronica.tex:91: Package pdftex.def Error: File `continua/circuitoserie.jpg' not found: using draft setting.

See the pdftex.def package documentation for explanation.
Type  H <return>  for immediate help.
 ...                                              
                                                  
l.91 ...0.8\linewidth]{continua/circuitoserie.jpg}
                                                  
Try typing  <return>  to proceed.
If that doesn't work, type  X <return>  to quit.


LaTeX Warning: `!h' float specifier changed to `!ht'.


Package fancyhdr Warning: \headheight is too small (12.0pt): 
(fancyhdr)                Make it at least 14.49998pt, for example:
(fancyhdr)                \setlength{\headheight}{14.49998pt}.
(fancyhdr)                You might also make \topmargin smaller to compensate:
(fancyhdr)                \addtolength{\topmargin}{-2.49998pt}.

[4]

LaTeX Warning: Reference `CircuitoParalelo' on page 5 undefined on input line 98.


Package fancyhdr Warning: \headheight is too small (12.0pt): 
(fancyhdr)                Make it at least 14.49998pt, for example:
(fancyhdr)                \setlength{\headheight}{14.49998pt}.
(fancyhdr)                You might also make \topmargin smaller to compensate:
(fancyhdr)                \addtolength{\topmargin}{-2.49998pt}.

[5]

LaTeX Warning: File `continua/circuitoparalelo.jpg' not found on input line 111.


c:/Users/gbast/OneDrive/Escritorio/F√≠sica/tecnicas experimentales/Memorias/Instrumentaci√≥n electr√≥nica/Instrumentacion,electronica.tex:111: Package pdftex.def Error: File `continua/circuitoparalelo.jpg' not found: using draft setting.

See the pdftex.def package documentation for explanation.
Type  H <return>  for immediate help.
 ...                                              
                                                  
l.111 ...linewidth]{continua/circuitoparalelo.jpg}
                                                  
Try typing  <return>  to proceed.
If that doesn't work, type  X <return>  to quit.


Overfull \hbox (2.70834pt too wide) in paragraph at lines 115--116
[]\OT1/cmr/m/n/12 Como es-pe-ci-fi-ca-mos en el apar-ta-do an-te-rior, la me-di-da de las re-sis-ten-cias
 []


Overfull \hbox (20.72351pt too wide) in paragraph at lines 118--119
[]\OT1/cmr/m/n/12 Todos es-tos da-tos ex-pe-ri-men-ta-les vendr^^San acom-pa~nados por su in-cer-ti-dum-bre,
 []


LaTeX Warning: Reference `Codigo de colores' on page 6 undefined on input line 128.


Package fancyhdr Warning: \headheight is too small (12.0pt): 
(fancyhdr)                Make it at least 14.49998pt, for example:
(fancyhdr)                \setlength{\headheight}{14.49998pt}.
(fancyhdr)                You might also make \topmargin smaller to compensate:
(fancyhdr)                \addtolength{\topmargin}{-2.49998pt}.

[6]

Package fancyhdr Warning: \headheight is too small (12.0pt): 
(fancyhdr)                Make it at least 14.49998pt, for example:
(fancyhdr)                \setlength{\headheight}{14.49998pt}.
(fancyhdr)                You might also make \topmargin smaller to compensate:
(fancyhdr)                \addtolength{\topmargin}{-2.49998pt}.

[7]
Overfull \hbox (1.27182pt too wide) in paragraph at lines 182--183
\OT1/cmr/m/n/12 for-ma in-di-rec-ta a par-tir de la ley de Ohm $(\OML/cmm/m/it/12 V \OT1/cmr/m/n/12 = \OML/cmm/m/it/12 IR\OT1/cmr/m/n/12 )$. Pa-ra ello re-pre-sen-ta-re-mos
 []


LaTeX Warning: File `continua/regresion simple.png' not found on input line 205.


c:/Users/gbast/OneDrive/Escritorio/F√≠sica/tecnicas experimentales/Memorias/Instrumentaci√≥n electr√≥nica/Instrumentacion,electronica.tex:205: Package pdftex.def Error: File `continua/regresion simple.png' not found: using draft setting.

See the pdftex.def package documentation for explanation.
Type  H <return>  for immediate help.
 ...                                              
                                                  
l.205 ...degraphics{continua/regresion simple.png}
                                                  
Try typing  <return>  to proceed.
If that doesn't work, type  X <return>  to quit.


Package fancyhdr Warning: \headheight is too small (12.0pt): 
(fancyhdr)                Make it at least 14.49998pt, for example:
(fancyhdr)                \setlength{\headheight}{14.49998pt}.
(fancyhdr)                You might also make \topmargin smaller to compensate:
(fancyhdr)                \addtolength{\topmargin}{-2.49998pt}.

[8]

Package fancyhdr Warning: \headheight is too small (12.0pt): 
(fancyhdr)                Make it at least 14.49998pt, for example:
(fancyhdr)                \setlength{\headheight}{14.49998pt}.
(fancyhdr)                You might also make \topmargin smaller to compensate:
(fancyhdr)                \addtolength{\topmargin}{-2.49998pt}.

[9]

Package fancyhdr Warning: \headheight is too small (12.0pt): 
(fancyhdr)                Make it at least 14.49998pt, for example:
(fancyhdr)                \setlength{\headheight}{14.49998pt}.
(fancyhdr)                You might also make \topmargin smaller to compensate:
(fancyhdr)                \addtolength{\topmargin}{-2.49998pt}.

[10]
Overfull \hbox (6.9806pt too wide) in paragraph at lines 270--273
\OT1/cmr/m/n/12 El va-lor ob-te-ni-do a par-tir de la re-gre-si^^Son pa-ra la re-sis-ten-cia es de $609725[]7629
$,
 []


LaTeX Warning: File `continua/regresion serie.png' not found on input line 279.


c:/Users/gbast/OneDrive/Escritorio/F√≠sica/tecnicas experimentales/Memorias/Instrumentaci√≥n electr√≥nica/Instrumentacion,electronica.tex:279: Package pdftex.def Error: File `continua/regresion serie.png' not found: using draft setting.

See the pdftex.def package documentation for explanation.
Type  H <return>  for immediate help.
 ...                                              
                                                  
l.279 ...\linewidth]{continua/regresion serie.png}
                                                  
Try typing  <return>  to proceed.
If that doesn't work, type  X <return>  to quit.


LaTeX Warning: `!h' float specifier changed to `!ht'.


LaTeX Warning: Reference `Formula V serie' on page 11 undefined on input line 285.


LaTeX Warning: Reference `Formula V serie' on page 11 undefined on input line 291.


LaTeX Warning: Reference `Resistencias en paralelo' on page 11 undefined on input line 295.


LaTeX Warning: Reference `Incertidumbre indirecta' on page 11 undefined on input line 295.


Package fancyhdr Warning: \headheight is too small (12.0pt): 
(fancyhdr)                Make it at least 14.49998pt, for example:
(fancyhdr)                \setlength{\headheight}{14.49998pt}.
(fancyhdr)                You might also make \topmargin smaller to compensate:
(fancyhdr)                \addtolength{\topmargin}{-2.49998pt}.

[11]
Overfull \hbox (5.74814pt too wide) in paragraph at lines 309--310
\OT1/cmr/m/n/12 re-sis-ten-cias y por el con-jun-to de ellas. Los da-tos ob-te-ni-dos fue-ron los si-guien-tes: 
 []


Package fancyhdr Warning: \headheight is too small (12.0pt): 
(fancyhdr)                Make it at least 14.49998pt, for example:
(fancyhdr)                \setlength{\headheight}{14.49998pt}.
(fancyhdr)                You might also make \topmargin smaller to compensate:
(fancyhdr)                \addtolength{\topmargin}{-2.49998pt}.

[12]
Overfull \hbox (6.79857pt too wide) in paragraph at lines 313--327
 [][] 
 []


LaTeX Warning: File `continua/regresion paralelo.png' not found on input line 356.


c:/Users/gbast/OneDrive/Escritorio/F√≠sica/tecnicas experimentales/Memorias/Instrumentaci√≥n electr√≥nica/Instrumentacion,electronica.tex:356: Package pdftex.def Error: File `continua/regresion paralelo.png' not found: using draft setting.

See the pdftex.def package documentation for explanation.
Type  H <return>  for immediate help.
 ...                                              
                                                  
l.356 ...graphics{continua/regresion paralelo.png}
                                                  
Try typing  <return>  to proceed.
If that doesn't work, type  X <return>  to quit.


Package fancyhdr Warning: \headheight is too small (12.0pt): 
(fancyhdr)                Make it at least 14.49998pt, for example:
(fancyhdr)                \setlength{\headheight}{14.49998pt}.
(fancyhdr)                You might also make \topmargin smaller to compensate:
(fancyhdr)                \addtolength{\topmargin}{-2.49998pt}.

[13]

Package fancyhdr Warning: \headheight is too small (12.0pt): 
(fancyhdr)                Make it at least 14.49998pt, for example:
(fancyhdr)                \setlength{\headheight}{14.49998pt}.
(fancyhdr)                You might also make \topmargin smaller to compensate:
(fancyhdr)                \addtolength{\topmargin}{-2.49998pt}.

[14]

LaTeX Warning: Reference `Formula I paralelo' on page 15 undefined on input line 363.


LaTeX Warning: Reference `Formula V serie' on page 15 undefined on input line 363.


Overfull \hbox (5.1236pt too wide) in paragraph at lines 376--377
\OT1/cmr/m/n/12 con dos re-sis-ten-cias aso-cia-das en se-rie, co-mo otro con dos re-sis-ten-cias aso-cia-das
 []


Package fancyhdr Warning: \headheight is too small (12.0pt): 
(fancyhdr)                Make it at least 14.49998pt, for example:
(fancyhdr)                \setlength{\headheight}{14.49998pt}.
(fancyhdr)                You might also make \topmargin smaller to compensate:
(fancyhdr)                \addtolength{\topmargin}{-2.49998pt}.

[15]
Overfull \hbox (3.58751pt too wide) in paragraph at lines 378--379
[]\OT1/cmr/m/n/12 Para fi-na-li-zar, de-be-mos abor-dar el tra-ta-mien-to de in-cer-ti-dum-bres rea-li-za-do
 []


Package fancyhdr Warning: \headheight is too small (12.0pt): 
(fancyhdr)                Make it at least 14.49998pt, for example:
(fancyhdr)                \setlength{\headheight}{14.49998pt}.
(fancyhdr)                You might also make \topmargin smaller to compensate:
(fancyhdr)                \addtolength{\topmargin}{-2.49998pt}.

[16]
Overfull \hbox (55.0229pt too wide) in paragraph at lines 387--402
 [][] 
 []


Overfull \hbox (49.14796pt too wide) in paragraph at lines 409--424
 [][] 
 []


Package fancyhdr Warning: \headheight is too small (12.0pt): 
(fancyhdr)                Make it at least 14.49998pt, for example:
(fancyhdr)                \setlength{\headheight}{14.49998pt}.
(fancyhdr)                You might also make \topmargin smaller to compensate:
(fancyhdr)                \addtolength{\topmargin}{-2.49998pt}.

[17]
Overfull \hbox (55.0229pt too wide) in paragraph at lines 433--448
 [][] 
 []


Package fancyhdr Warning: \headheight is too small (12.0pt): 
(fancyhdr)                Make it at least 14.49998pt, for example:
(fancyhdr)                \setlength{\headheight}{14.49998pt}.
(fancyhdr)                You might also make \topmargin smaller to compensate:
(fancyhdr)                \addtolength{\topmargin}{-2.49998pt}.

[18]
Overfull \hbox (7.47226pt too wide) in paragraph at lines 461--462
[]\OT1/cmr/m/n/12 Obtener los par^^Same-tros ca-rac-ter^^S^^Psti-cos de un cir-cui-to de co-rrien-te al-ter-na,
 []


Overfull \hbox (3.39037pt too wide) in paragraph at lines 474--475
[]\OT1/cmr/m/n/12 Para lle-var a ca-bo nues-tro ex-pe-ri-men-to lo pri-me-ro que ha-re-mos es cons-truir
 []


LaTeX Warning: File `alterna/potencialresistencia.jpg' not found on input line 479.


c:/Users/gbast/OneDrive/Escritorio/F√≠sica/tecnicas experimentales/Memorias/Instrumentaci√≥n electr√≥nica/Instrumentacion,electronica.tex:479: Package pdftex.def Error: File `alterna/potencialresistencia.jpg' not found: using draft setting.

See the pdftex.def package documentation for explanation.
Type  H <return>  for immediate help.
 ...                                              
                                                  
l.479 ...ewidth]{alterna/potencialresistencia.jpg}
                                                  
Try typing  <return>  to proceed.
If that doesn't work, type  X <return>  to quit.


LaTeX Warning: File `alterna/potencialcondensador.jpg' not found on input line 484.


c:/Users/gbast/OneDrive/Escritorio/F√≠sica/tecnicas experimentales/Memorias/Instrumentaci√≥n electr√≥nica/Instrumentacion,electronica.tex:484: Package pdftex.def Error: File `alterna/potencialcondensador.jpg' not found: using draft setting.

See the pdftex.def package documentation for explanation.
Type  H <return>  for immediate help.
 ...                                              
                                                  
l.484 ...ewidth]{alterna/potencialcondensador.jpg}
                                                  
Try typing  <return>  to proceed.
If that doesn't work, type  X <return>  to quit.


Overfull \hbox (2.61108pt too wide) in paragraph at lines 478--488
[][] [] 
 []


Package fancyhdr Warning: \headheight is too small (12.0pt): 
(fancyhdr)                Make it at least 14.49998pt, for example:
(fancyhdr)                \setlength{\headheight}{14.49998pt}.
(fancyhdr)                You might also make \topmargin smaller to compensate:
(fancyhdr)                \addtolength{\topmargin}{-2.49998pt}.

[19]

Package fancyhdr Warning: \headheight is too small (12.0pt): 
(fancyhdr)                Make it at least 14.49998pt, for example:
(fancyhdr)                \setlength{\headheight}{14.49998pt}.
(fancyhdr)                You might also make \topmargin smaller to compensate:
(fancyhdr)                \addtolength{\topmargin}{-2.49998pt}.

[20]

LaTeX Warning: Reference `Esquemas circuitos' on page 21 undefined on input line 496.


LaTeX Warning: Reference `Desfase' on page 21 undefined on input line 496.


LaTeX Warning: File `alterna/desfase2.jpg' not found on input line 500.


c:/Users/gbast/OneDrive/Escritorio/F√≠sica/tecnicas experimentales/Memorias/Instrumentaci√≥n electr√≥nica/Instrumentacion,electronica.tex:500: Package pdftex.def Error: File `alterna/desfase2.jpg' not found: using draft setting.

See the pdftex.def package documentation for explanation.
Type  H <return>  for immediate help.
 ...                                              
                                                  
l.500 ...idth=0.6\linewidth]{alterna/desfase2.jpg}
                                                  
Try typing  <return>  to proceed.
If that doesn't work, type  X <return>  to quit.


Underfull \hbox (badness 10000) in paragraph at lines 523--524

 []


Package fancyhdr Warning: \headheight is too small (12.0pt): 
(fancyhdr)                Make it at least 14.49998pt, for example:
(fancyhdr)                \setlength{\headheight}{14.49998pt}.
(fancyhdr)                You might also make \topmargin smaller to compensate:
(fancyhdr)                \addtolength{\topmargin}{-2.49998pt}.

[21]
Overfull \hbox (6.58894pt too wide) in paragraph at lines 560--561
[]\OT1/cmr/m/n/12 Para es-ti-mar la fre-cuen-cia de cor-te ex-pe-ri-men-tal-men-te de-be-mos re-pre-sen-tar
 []


Overfull \hbox (21.11388pt too wide) in paragraph at lines 560--561
\OT1/cmr/m/n/12 la im-pe-dan-cia (Z) fren-te a la fre-cuen-cia (am-bas mag-ni-tu-des en es-ca-la lo-gar^^S^^Ptmi-ca),
 []


Overfull \hbox (13.96526pt too wide) in paragraph at lines 567--568
[]\OT1/cmr/m/n/12 Para nues-tra re-pre-sen-ta-ci^^Son ne-ce-si-ta-mos co-no-cer los va-lo-res de la im-pe-dan-cia
 []


Package fancyhdr Warning: \headheight is too small (12.0pt): 
(fancyhdr)                Make it at least 14.49998pt, for example:
(fancyhdr)                \setlength{\headheight}{14.49998pt}.
(fancyhdr)                You might also make \topmargin smaller to compensate:
(fancyhdr)                \addtolength{\topmargin}{-2.49998pt}.

[22]
Overfull \hbox (15.4959pt too wide) in paragraph at lines 606--607
\OT1/cmr/m/n/12 coin-ci-dir con el pun-to de cor-te de las cur-vas R y C. Pa-ra cal-cu-lar-lo anal^^S^^Pti-ca-men-te
 []


Package fancyhdr Warning: \headheight is too small (12.0pt): 
(fancyhdr)                Make it at least 14.49998pt, for example:
(fancyhdr)                \setlength{\headheight}{14.49998pt}.
(fancyhdr)                You might also make \topmargin smaller to compensate:
(fancyhdr)                \addtolength{\topmargin}{-2.49998pt}.

[23]
Overfull \hbox (31.37415pt too wide) detected at line 636
[]\OML/cmm/m/it/12 r \OT1/cmr/m/n/12 = [] = \OMS/cmsy/m/n/12 ^^@\OT1/cmr/m/n/12 0[]99999999999996
 []


Package fancyhdr Warning: \headheight is too small (12.0pt): 
(fancyhdr)                Make it at least 14.49998pt, for example:
(fancyhdr)                \setlength{\headheight}{14.49998pt}.
(fancyhdr)                You might also make \topmargin smaller to compensate:
(fancyhdr)                \addtolength{\topmargin}{-2.49998pt}.

[24]

LaTeX Warning: File `alterna/CurvaRC.png' not found on input line 655.


c:/Users/gbast/OneDrive/Escritorio/F√≠sica/tecnicas experimentales/Memorias/Instrumentaci√≥n electr√≥nica/Instrumentacion,electronica.tex:655: Package pdftex.def Error: File `alterna/CurvaRC.png' not found: using draft setting.

See the pdftex.def package documentation for explanation.
Type  H <return>  for immediate help.
 ...                                              
                                                  
l.655 ...width=0.9\linewidth]{alterna/CurvaRC.png}
                                                  
Try typing  <return>  to proceed.
If that doesn't work, type  X <return>  to quit.


Package fancyhdr Warning: \headheight is too small (12.0pt): 
(fancyhdr)                Make it at least 14.49998pt, for example:
(fancyhdr)                \setlength{\headheight}{14.49998pt}.
(fancyhdr)                You might also make \topmargin smaller to compensate:
(fancyhdr)                \addtolength{\topmargin}{-2.49998pt}.

[25]
Underfull \hbox (badness 10000) in paragraph at lines 674--676

 []


LaTeX Warning: File `alterna/regresionVmRvsVmC.png' not found on input line 684.


c:/Users/gbast/OneDrive/Escritorio/F√≠sica/tecnicas experimentales/Memorias/Instrumentaci√≥n electr√≥nica/Instrumentacion,electronica.tex:684: Package pdftex.def Error: File `alterna/regresionVmRvsVmC.png' not found: using draft setting.

See the pdftex.def package documentation for explanation.
Type  H <return>  for immediate help.
 ...                                              
                                                  
l.684 ...degraphics{alterna/regresionVmRvsVmC.png}
                                                  
Try typing  <return>  to proceed.
If that doesn't work, type  X <return>  to quit.


Package fancyhdr Warning: \headheight is too small (12.0pt): 
(fancyhdr)                Make it at least 14.49998pt, for example:
(fancyhdr)                \setlength{\headheight}{14.49998pt}.
(fancyhdr)                You might also make \topmargin smaller to compensate:
(fancyhdr)                \addtolength{\topmargin}{-2.49998pt}.

[26]

LaTeX Warning: Command \textordmasculine invalid in math mode on input line 739.


LaTeX Warning: Command \textordmasculine invalid in math mode on input line 739.

Missing character: There is no ∫ in font cmr12!

Package fancyhdr Warning: \headheight is too small (12.0pt): 
(fancyhdr)                Make it at least 14.49998pt, for example:
(fancyhdr)                \setlength{\headheight}{14.49998pt}.
(fancyhdr)                You might also make \topmargin smaller to compensate:
(fancyhdr)                \addtolength{\topmargin}{-2.49998pt}.

[27]

LaTeX Warning: File `alterna/faseVSfrecuencia.png' not found on input line 747.


c:/Users/gbast/OneDrive/Escritorio/F√≠sica/tecnicas experimentales/Memorias/Instrumentaci√≥n electr√≥nica/Instrumentacion,electronica.tex:747: Package pdftex.def Error: File `alterna/faseVSfrecuencia.png' not found: using draft setting.

See the pdftex.def package documentation for explanation.
Type  H <return>  for immediate help.
 ...                                              
                                                  
l.747 ...udegraphics{alterna/faseVSfrecuencia.png}
                                                  
Try typing  <return>  to proceed.
If that doesn't work, type  X <return>  to quit.


Overfull \hbox (6.6015pt too wide) in paragraph at lines 756--757
\OT1/cmr/m/n/12 en-cuen-tra en nues-tro ran-go de fre-cuen-cias, $\OML/cmm/m/it/12 x \OT1/cmr/m/n/12 = 3\OML/cmm/m/it/12 ; \OT1/cmr/m/n/12 10892$. La fre-cuen-cia aso-cia-da
 []


Overfull \hbox (26.82484pt too wide) in paragraph at lines 760--761
[]\OT1/cmr/m/n/12 Este va-lor de la fre-cuen-cia de cor-te se acer-ca bas-tan-te al cal-cu-la-do te^^Sori-ca-men-te,
 []


Overfull \hbox (4.1306pt too wide) in paragraph at lines 760--761
\OT1/cmr/m/n/12 de $1326\OML/cmm/m/it/12 ; \OT1/cmr/m/n/12 29 \OML/cmm/m/it/12 Hz$\OT1/cmr/m/n/12 , el error se de-be se-gu-ra-men-te a la apro-xi-ma-ci^^Son por el po-li-no-mio
 []


Package fancyhdr Warning: \headheight is too small (12.0pt): 
(fancyhdr)                Make it at least 14.49998pt, for example:
(fancyhdr)                \setlength{\headheight}{14.49998pt}.
(fancyhdr)                You might also make \topmargin smaller to compensate:
(fancyhdr)                \addtolength{\topmargin}{-2.49998pt}.

[28]
Overfull \hbox (2.38196pt too wide) in paragraph at lines 765--766
\OT1/cmr/m/n/12 tra-ta-mien-to de cir-cui-tos de co-rrien-te al-ter-na, en-ten-dien-do la co-rrien-te el^^Sectri-ca
 []


Overfull \hbox (21.11517pt too wide) in paragraph at lines 767--768
[]\OT1/cmr/m/n/12 Como con-clu-si^^Son po-de-mos afir-mar que he-mos com-pro-ba-do ex-pe-ri-men-tal-men-te
 []


Package fancyhdr Warning: \headheight is too small (12.0pt): 
(fancyhdr)                Make it at least 14.49998pt, for example:
(fancyhdr)                \setlength{\headheight}{14.49998pt}.
(fancyhdr)                You might also make \topmargin smaller to compensate:
(fancyhdr)                \addtolength{\topmargin}{-2.49998pt}.

[29] (build/Instrumentacion,electronica.aux
LaTeX Info: Redefining \. on input line 8.
LaTeX Info: Redefining \% on input line 8.
)

LaTeX Warning: There were undefined references.


LaTeX Warning: Label(s) may have changed. Rerun to get cross-references right.

 ) 
Here is how much of TeX's memory you used:
 6241 strings out of 476024
 111759 string characters out of 5794016
 1876382 words of memory out of 5000000
 26593 multiletter control sequences out of 15000+600000
 525874 words of font info for 83 fonts, out of 8000000 for 9000
 1141 hyphenation exceptions out of 8191
 57i,13n,63p,765b,514s stack positions out of 10000i,1000n,20000p,200000b,200000s
{c:/texlive/2022/texmf-dist/fonts/enc/dvips/cm-super/cm-super-ts1.enc}<c:/texlive/2022/texmf-dist/fonts/type1/public/amsfonts/cm/cmbx12.pfb><c:/texlive/2022/texmf-dist/fonts/type1/public/amsfonts/cm/cmbx8.pfb><c:/texlive/2022/texmf-dist/fonts/type1/public/amsfonts/cm/cmex10.pfb><c:/texlive/2022/texmf-dist/fonts/type1/public/amsfonts/cmextra/cmex8.pfb><c:/texlive/2022/texmf-dist/fonts/type1/public/amsfonts/cm/cmmi10.pfb><c:/texlive/2022/texmf-dist/fonts/type1/public/amsfonts/cm/cmmi12.pfb><c:/texlive/2022/texmf-dist/fonts/type1/public/amsfonts/cm/cmmi6.pfb><c:/texlive/2022/texmf-dist/fonts/type1/public/amsfonts/cm/cmmi8.pfb><c:/texlive/2022/texmf-dist/fonts/type1/public/amsfonts/cm/cmmib10.pfb><c:/texlive/2022/texmf-dist/fonts/type1/public/amsfonts/cmextra/cmmib8.pfb><c:/texlive/2022/texmf-dist/fonts/type1/public/amsfonts/cm/cmr10.pfb><c:/texlive/2022/texmf-dist/fonts/type1/public/amsfonts/cm/cmr12.pfb><c:/texlive/2022/texmf-dist/fonts/type1/public/amsfonts/cm/cmr17.pfb><c:/texlive/2022/texmf-dist/fonts/type1/public/amsfonts/cm/cmr6.pfb><c:/texlive/2022/texmf-dist/fonts/type1/public/amsfonts/cm/cmr8.pfb><c:/texlive/2022/texmf-dist/fonts/type1/public/amsfonts/cm/cmsy10.pfb><c:/texlive/2022/texmf-dist/fonts/type1/public/amsfonts/cm/cmsy8.pfb><c:/texlive/2022/texmf-dist/fonts/type1/public/amsfonts/cm/cmtt12.pfb><c:/texlive/2022/texmf-dist/fonts/type1/public/cm-super/sfrm1200.pfb>
Output written on build/Instrumentacion,electronica.pdf (30 pages, 250991 bytes).
PDF statistics:
 197 PDF objects out of 1000 (max. 8388607)
 125 compressed objects within 2 object streams
 0 named destinations out of 1000 (max. 500000)
 1 words of extra memory for PDF output out of 10000 (max. 10000000)

