\BOOKMARK [0][-]{chapter.1}{\376\377\000D\000e\000n\000s\000i\000d\000a\000d\000\040\000y\000\040\000v\000i\000s\000c\000o\000s\000i\000d\000a\000d}{}% 1
\BOOKMARK [1][-]{section.1.1}{\376\377\000O\000b\000j\000e\000t\000i\000v\000o\000s}{chapter.1}% 2
\BOOKMARK [1][-]{section.1.2}{\376\377\000M\000a\000t\000e\000r\000i\000a\000l\000e\000s\000\040\000y\000\040\000m\000e\000t\000o\000d\000o\000l\000o\000g\000\355\000a}{chapter.1}% 3
\BOOKMARK [2][-]{subsection.1.2.1}{\376\377\000D\000e\000n\000s\000i\000d\000a\000d}{section.1.2}% 4
\BOOKMARK [2][-]{subsection.1.2.2}{\376\377\000V\000i\000s\000c\000o\000s\000i\000d\000a\000d}{section.1.2}% 5
\BOOKMARK [1][-]{section.1.3}{\376\377\000A\000n\000\341\000l\000i\000s\000i\000s\000\040\000d\000e\000\040\000d\000a\000t\000o\000s}{chapter.1}% 6
\BOOKMARK [2][-]{subsection.1.3.1}{\376\377\000D\000e\000n\000s\000i\000d\000a\000d}{section.1.3}% 7
\BOOKMARK [2][-]{subsection.1.3.2}{\376\377\000V\000i\000s\000c\000o\000s\000i\000d\000a\000d}{section.1.3}% 8
\BOOKMARK [1][-]{section.1.4}{\376\377\000C\000o\000n\000c\000l\000u\000s\000i\000\363\000n}{chapter.1}% 9
\BOOKMARK [0][-]{chapter.2}{\376\377\000M\000u\000e\000l\000l\000e}{}% 10
\BOOKMARK [1][-]{section.2.1}{\376\377\000I\000n\000t\000r\000o\000d\000u\000c\000c\000i\000\363\000n\000\040\000t\000e\000\363\000r\000i\000c\000a}{chapter.2}% 11
\BOOKMARK [1][-]{section.2.2}{\376\377\000M\000a\000t\000e\000r\000i\000a\000l\000e\000s\000\040\000y\000\040\000m\000e\000t\000o\000d\000o\000l\000o\000g\000\355\000a}{chapter.2}% 12
\BOOKMARK [2][-]{subsection.2.2.1}{\376\377\000D\000e\000t\000e\000r\000m\000i\000n\000a\000c\000i\000\363\000n\000\040\000d\000e\000\040\000l\000a\000\040\000c\000o\000n\000s\000t\000a\000n\000t\000e\000\040\000e\000l\000\341\000s\000t\000i\000c\000a\000\040\000d\000e\000\040\000u\000n\000\040\000m\000u\000e\000l\000l\000e}{section.2.2}% 13
\BOOKMARK [2][-]{subsection.2.2.2}{\376\377\000D\000e\000t\000e\000r\000m\000i\000n\000a\000c\000i\000\363\000n\000\040\000d\000e\000\040\000d\000e\000n\000s\000i\000d\000a\000d\000e\000s\000\040\000d\000e\000\040\000d\000i\000f\000e\000r\000e\000n\000t\000e\000s\000\040\000m\000a\000t\000e\000r\000i\000a\000l\000e\000s}{section.2.2}% 14
\BOOKMARK [2][-]{subsection.2.2.3}{\376\377\000D\000e\000t\000e\000r\000m\000i\000n\000a\000c\000i\000\363\000n\000\040\000d\000e\000l\000\040\000v\000a\000l\000o\000r\000\040\000d\000e\000\040\000l\000a\000\040\000g\000r\000a\000v\000e\000d\000a\000d}{section.2.2}% 15
\BOOKMARK [1][-]{section.2.3}{\376\377\000A\000n\000\341\000l\000i\000s\000i\000s\000\040\000d\000e\000\040\000d\000a\000t\000o\000s}{chapter.2}% 16
\BOOKMARK [2][-]{subsection.2.3.1}{\376\377\000D\000e\000t\000e\000r\000m\000i\000n\000a\000c\000i\000\363\000n\000\040\000d\000e\000\040\000l\000a\000\040\000c\000o\000n\000s\000t\000a\000n\000t\000e\000\040\000e\000l\000\341\000s\000t\000i\000c\000a\000\040\000d\000e\000l\000\040\000m\000u\000e\000l\000l\000e}{section.2.3}% 17
\BOOKMARK [2][-]{subsection.2.3.2}{\376\377\000D\000e\000t\000e\000r\000m\000i\000n\000a\000c\000i\000\363\000n\000\040\000d\000e\000\040\000d\000e\000n\000s\000i\000d\000a\000d\000e\000s}{section.2.3}% 18
\BOOKMARK [2][-]{subsection.2.3.3}{\376\377\000D\000e\000t\000e\000r\000m\000i\000n\000a\000a\000c\000i\000\363\000n\000\040\000d\000e\000\040\000l\000a\000\040\000g\000r\000a\000v\000e\000d\000a\000d}{section.2.3}% 19
\BOOKMARK [1][-]{section.2.4}{\376\377\000C\000o\000n\000c\000l\000u\000s\000i\000o\000n\000e\000s}{chapter.2}% 20
\BOOKMARK [1][-]{section.2.5}{\376\377\000A\000n\000e\000x\000o\000:\000\040\000A\000n\000\341\000l\000i\000s\000i\000s\000\040\000p\000o\000r\000\040\000m\000\355\000n\000i\000m\000o\000s\000\040\000c\000u\000a\000d\000r\000a\000d\000o\000s}{chapter.2}% 21
\BOOKMARK [0][-]{chapter.3}{\376\377\000M\000o\000m\000e\000n\000t\000o\000\040\000d\000e\000\040\000i\000n\000e\000r\000c\000i\000a}{}% 22
\BOOKMARK [1][-]{section.3.1}{\376\377\000O\000b\000j\000e\000t\000i\000v\000o\000s\000\040\000e\000\040\000i\000n\000t\000r\000o\000d\000u\000c\000c\000i\000\363\000n\000\040\000t\000e\000\363\000r\000i\000c\000a}{chapter.3}% 23
\BOOKMARK [1][-]{section.3.2}{\376\377\000M\000a\000t\000e\000r\000i\000a\000l\000e\000s\000\040\000y\000\040\000m\000e\000t\000o\000d\000o\000l\000o\000g\000\355\000a}{chapter.3}% 24
\BOOKMARK [2][-]{subsection.3.2.1}{\376\377\000D\000e\000t\000e\000r\000m\000i\000n\000a\000c\000i\000\363\000n\000\040\000d\000e\000l\000\040\000m\000o\000m\000e\000n\000t\000o\000\040\000d\000e\000\040\000i\000n\000e\000r\000c\000i\000a\000\040\000d\000e\000\040\000d\000i\000f\000e\000r\000e\000n\000t\000e\000s\000\040\000c\000u\000e\000r\000p\000o\000s}{section.3.2}% 25
\BOOKMARK [2][-]{subsection.3.2.2}{\376\377\000V\000e\000r\000i\000f\000i\000c\000a\000c\000i\000\363\000n\000\040\000d\000e\000l\000\040\000t\000e\000o\000r\000e\000m\000a\000\040\000d\000e\000\040\000S\000t\000e\000i\000n\000e\000r}{section.3.2}% 26
\BOOKMARK [1][-]{section.3.3}{\376\377\000A\000n\000\341\000l\000i\000s\000i\000s\000\040\000d\000e\000\040\000d\000a\000t\000o\000s}{chapter.3}% 27
\BOOKMARK [2][-]{subsection.3.3.1}{\376\377\000D\000e\000t\000e\000r\000m\000i\000n\000a\000c\000i\000\363\000n\000\040\000d\000e\000l\000\040\000m\000o\000m\000e\000n\000t\000o\000\040\000d\000e\000\040\000i\000n\000e\000r\000c\000i\000a\000\040\000d\000e\000\040\000d\000i\000f\000e\000r\000e\000n\000t\000e\000s\000\040\000c\000u\000e\000r\000p\000o\000s}{section.3.3}% 28
\BOOKMARK [2][-]{subsection.3.3.2}{\376\377\000D\000e\000t\000e\000r\000m\000i\000n\000a\000c\000i\000\363\000n\000\040\000d\000e\000\040\000l\000o\000s\000\040\000m\000o\000m\000e\000n\000t\000o\000s\000\040\000d\000e\000\040\000i\000n\000e\000r\000c\000i\000a\000\040\000d\000e\000\040\000d\000i\000f\000e\000r\000e\000n\000t\000e\000s\000\040\000c\000u\000e\000r\000p\000o\000s}{section.3.3}% 29
\BOOKMARK [2][-]{subsection.3.3.3}{\376\377\000V\000e\000r\000i\000f\000i\000c\000a\000c\000i\000\363\000n\000\040\000d\000e\000l\000\040\000t\000e\000o\000r\000e\000m\000a\000\040\000d\000e\000\040\000S\000t\000e\000i\000n\000e\000r}{section.3.3}% 30
\BOOKMARK [1][-]{section.3.4}{\376\377\000C\000o\000n\000c\000l\000u\000s\000i\000o\000n\000e\000s}{chapter.3}% 31
